


ARM Macro Assembler    Page 1 


    1 00000000         ;/******************************************************
                       ***********************
    2 00000000         ; * @file:    startup_LPC177x_8x.s
    3 00000000         ; * @purpose: CMSIS Cortex-M3 Core Device Startup File 
    4 00000000         ; *           for the NXP LPC177x_8x Device Series 
    5 00000000         ; * @version: V1.20
    6 00000000         ; * @date:    07. October 2010
    7 00000000         ; *------- <<< Use Configuration Wizard in Context Menu 
                       >>> ------------------
    8 00000000         ; *
    9 00000000         ; * Copyright (C) 2010 ARM Limited. All rights reserved.
                       
   10 00000000         ; * ARM Limited (ARM) is supplying this software for use
                        with Cortex-M3 
   11 00000000         ; * processor based microcontrollers.  This file can be 
                       freely distributed 
   12 00000000         ; * within development tools that are supporting such AR
                       M based processors. 
   13 00000000         ; *
   14 00000000         ; * THIS SOFTWARE IS PROVIDED "AS IS".  NO WARRANTIES, W
                       HETHER EXPRESS, IMPLIED
   15 00000000         ; * OR STATUTORY, INCLUDING, BUT NOT LIMITED TO, IMPLIED
                        WARRANTIES OF
   16 00000000         ; * MERCHANTABILITY AND FITNESS FOR A PARTICULAR PURPOSE
                        APPLY TO THIS SOFTWARE.
   17 00000000         ; * ARM SHALL NOT, IN ANY CIRCUMSTANCES, BE LIABLE FOR S
                       PECIAL, INCIDENTAL, OR
   18 00000000         ; * CONSEQUENTIAL DAMAGES, FOR ANY REASON WHATSOEVER.
   19 00000000         ; *
   20 00000000         ; ******************************************************
                       ***********************/
   21 00000000         
   22 00000000         
   23 00000000         ; <h> Stack Configuration
   24 00000000         ;   <o> Stack Size (in Bytes) <0x0-0xFFFFFFFF:8>
   25 00000000         ; </h>
   26 00000000         
   27 00000000 00000200 
                       Stack_Size
                               EQU              0x00000200
   28 00000000         
   29 00000000                 AREA             STACK, NOINIT, READWRITE, ALIGN
=3
   30 00000000         Stack_Mem
                               SPACE            Stack_Size
   31 00000200         __initial_sp
   32 00000200         
   33 00000200         
   34 00000200         ; <h> Heap Configuration
   35 00000200         ;   <o>  Heap Size (in Bytes) <0x0-0xFFFFFFFF:8>
   36 00000200         ; </h>
   37 00000200         
   38 00000200 00000000 
                       Heap_Size
                               EQU              0x00000000
   39 00000200         
   40 00000200                 AREA             HEAP, NOINIT, READWRITE, ALIGN=
3
   41 00000000         __heap_base



ARM Macro Assembler    Page 2 


   42 00000000         Heap_Mem
                               SPACE            Heap_Size
   43 00000000         __heap_limit
   44 00000000         
   45 00000000         
   46 00000000                 PRESERVE8
   47 00000000                 THUMB
   48 00000000         
   49 00000000         
   50 00000000         ; Vector Table Mapped to Address 0 at Reset
   51 00000000         
   52 00000000                 AREA             RESET, DATA, READONLY
   53 00000000                 EXPORT           __Vectors
   54 00000000         
   55 00000000 00000000 
                       __Vectors
                               DCD              __initial_sp ; Top of Stack
   56 00000004 00000000        DCD              Reset_Handler ; Reset Handler
   57 00000008 00000000        DCD              NMI_Handler ; NMI Handler
   58 0000000C 00000000        DCD              HardFault_Handler ; Hard Fault 
                                                            Handler
   59 00000010 00000000        DCD              MemManage_Handler 
                                                            ; MPU Fault Handler
                                                            
   60 00000014 00000000        DCD              BusFault_Handler 
                                                            ; Bus Fault Handler
                                                            
   61 00000018 00000000        DCD              UsageFault_Handler ; Usage Faul
                                                            t Handler
   62 0000001C 00000000        DCD              0           ; Reserved
   63 00000020 00000000        DCD              0           ; Reserved
   64 00000024 00000000        DCD              0           ; Reserved
   65 00000028 00000000        DCD              0           ; Reserved
   66 0000002C 00000000        DCD              SVC_Handler ; SVCall Handler
   67 00000030 00000000        DCD              DebugMon_Handler ; Debug Monito
                                                            r Handler
   68 00000034 00000000        DCD              0           ; Reserved
   69 00000038 00000000        DCD              PendSV_Handler ; PendSV Handler
                                                            
   70 0000003C 00000000        DCD              SysTick_Handler 
                                                            ; SysTick Handler
   71 00000040         
   72 00000040         ; External Interrupts
   73 00000040 00000000        DCD              WDT_IRQHandler ; 16: Watchdog T
                                                            imer
   74 00000044 00000000        DCD              TIMER0_IRQHandler ; 17: Timer0
   75 00000048 00000000        DCD              TIMER1_IRQHandler ; 18: Timer1
   76 0000004C 00000000        DCD              TIMER2_IRQHandler ; 19: Timer2
   77 00000050 00000000        DCD              TIMER3_IRQHandler ; 20: Timer3
   78 00000054 00000000        DCD              UART0_IRQHandler ; 21: UART0
   79 00000058 00000000        DCD              UART1_IRQHandler ; 22: UART1
   80 0000005C 00000000        DCD              UART2_IRQHandler ; 23: UART2
   81 00000060 00000000        DCD              UART3_IRQHandler ; 24: UART3
   82 00000064 00000000        DCD              PWM1_IRQHandler ; 25: PWM1
   83 00000068 00000000        DCD              I2C0_IRQHandler ; 26: I2C0
   84 0000006C 00000000        DCD              I2C1_IRQHandler ; 27: I2C1
   85 00000070 00000000        DCD              I2C2_IRQHandler ; 28: I2C2
   86 00000074 00000000        DCD              SPIFI_IRQHandler ; 29: SPIFI
   87 00000078 00000000        DCD              SSP0_IRQHandler ; 30: SSP0



ARM Macro Assembler    Page 3 


   88 0000007C 00000000        DCD              SSP1_IRQHandler ; 31: SSP1
   89 00000080 00000000        DCD              PLL0_IRQHandler ; 32: PLL0 Lock
                                                             (Main PLL)
   90 00000084 00000000        DCD              RTC_IRQHandler ; 33: Real Time 
                                                            Clock
   91 00000088 00000000        DCD              EINT0_IRQHandler ; 34: External
                                                             Interrupt 0
   92 0000008C 00000000        DCD              EINT1_IRQHandler ; 35: External
                                                             Interrupt 1
   93 00000090 00000000        DCD              EINT2_IRQHandler ; 36: External
                                                             Interrupt 2
   94 00000094 00000000        DCD              EINT3_IRQHandler ; 37: External
                                                             Interrupt 3
   95 00000098 00000000        DCD              ADC_IRQHandler 
                                                            ; 38: A/D Converter
                                                            
   96 0000009C 00000000        DCD              BOD_IRQHandler ; 39: Brown-Out 
                                                            Detect
   97 000000A0 00000000        DCD              USB_IRQHandler ; 40: USB
   98 000000A4 00000000        DCD              CAN_IRQHandler ; 41: CAN
   99 000000A8 00000000        DCD              DMA_IRQHandler ; 42: General Pu
                                                            rpose DMA
  100 000000AC 00000000        DCD              I2S_IRQHandler ; 43: I2S
  101 000000B0 00000000        DCD              ENET_IRQHandler ; 44: Ethernet
  102 000000B4 00000000        DCD              MCI_IRQHandler ; 45: SD/MMC car
                                                            d I/F
  103 000000B8 00000000        DCD              MCPWM_IRQHandler ; 46: Motor Co
                                                            ntrol PWM
  104 000000BC 00000000        DCD              QEI_IRQHandler ; 47: Quadrature
                                                             Encoder Interface
  105 000000C0 00000000        DCD              PLL1_IRQHandler ; 48: PLL1 Lock
                                                             (USB PLL)
  106 000000C4 00000000        DCD              USBActivity_IRQHandler ; 49: US
                                                            B Activity interrup
                                                            t to wakeup
  107 000000C8 00000000        DCD              CANActivity_IRQHandler ; 50: CA
                                                            N Activity interrup
                                                            t to wakeup
  108 000000CC 00000000        DCD              UART4_IRQHandler ; 51: UART4
  109 000000D0 00000000        DCD              SSP2_IRQHandler ; 52: SSP2
  110 000000D4 00000000        DCD              LCD_IRQHandler ; 53: LCD
  111 000000D8 00000000        DCD              GPIO_IRQHandler ; 54: GPIO
  112 000000DC 00000000        DCD              PWM0_IRQHandler ; 55: PWM0
  113 000000E0 00000000        DCD              KFLASH_IRQHandler 
                                                            ; 56: KFLASH SHELL
  114 000000E4         
  115 000000E4         
  116 000000E4         ;                IF      :LNOT::DEF:NO_CRP
  117 000000E4         ;                AREA    |.ARM.__at_0x02FC|, CODE, READO
                       NLY
  118 000000E4         ;CRP_Key         DCD     0xFFFFFFFF
  119 000000E4         ;                ENDIF
  120 000000E4         
  121 000000E4                 IF               :LNOT::DEF:NO_CRP
  122 000000E4                 AREA             |.ARM.__at_0x62FC|, CODE, READO
NLY
  123 00000000 FFFFFFFF 
                       CRP_Key DCD              0xFFFFFFFF
  124 00000004                 ENDIF



ARM Macro Assembler    Page 4 


  125 00000004         
  126 00000004                 AREA             |.text|, CODE, READONLY
  127 00000000         
  128 00000000         
  129 00000000         ; Reset Handler
  130 00000000         
  131 00000000         Reset_Handler
                               PROC
  132 00000000                 EXPORT           Reset_Handler             [WEAK
]
  133 00000000                 IMPORT           SystemInit
  134 00000000                 IMPORT           __main
  135 00000000         ;                LDR     R0, =SystemInit
  136 00000000         ;                BLX     R0
  137 00000000 4808            LDR              R0, =__main
  138 00000002 4700            BX               R0
  139 00000004                 ENDP
  140 00000004         
  141 00000004         
  142 00000004         ; Dummy Exception Handlers (infinite loops which can be 
                       modified)                
  143 00000004         
  144 00000004         NMI_Handler
                               PROC
  145 00000004                 EXPORT           NMI_Handler               [WEAK
]
  146 00000004 E7FE            B                .
  147 00000006                 ENDP
  149 00000006         HardFault_Handler
                               PROC
  150 00000006                 EXPORT           HardFault_Handler         [WEAK
]
  151 00000006 E7FE            B                .
  152 00000008                 ENDP
  154 00000008         MemManage_Handler
                               PROC
  155 00000008                 EXPORT           MemManage_Handler         [WEAK
]
  156 00000008 E7FE            B                .
  157 0000000A                 ENDP
  159 0000000A         BusFault_Handler
                               PROC
  160 0000000A                 EXPORT           BusFault_Handler          [WEAK
]
  161 0000000A E7FE            B                .
  162 0000000C                 ENDP
  164 0000000C         UsageFault_Handler
                               PROC
  165 0000000C                 EXPORT           UsageFault_Handler        [WEAK
]
  166 0000000C E7FE            B                .
  167 0000000E                 ENDP
  168 0000000E         SVC_Handler
                               PROC
  169 0000000E                 EXPORT           SVC_Handler               [WEAK
]
  170 0000000E E7FE            B                .
  171 00000010                 ENDP
  173 00000010         DebugMon_Handler



ARM Macro Assembler    Page 5 


                               PROC
  174 00000010                 EXPORT           DebugMon_Handler          [WEAK
]
  175 00000010 E7FE            B                .
  176 00000012                 ENDP
  177 00000012         PendSV_Handler
                               PROC
  178 00000012                 EXPORT           PendSV_Handler            [WEAK
]
  179 00000012 E7FE            B                .
  180 00000014                 ENDP
  181 00000014         SysTick_Handler
                               PROC
  182 00000014                 EXPORT           SysTick_Handler           [WEAK
]
  183 00000014 E7FE            B                .
  184 00000016                 ENDP
  185 00000016         
  186 00000016         Default_Handler
                               PROC
  187 00000016         
  188 00000016                 EXPORT           WDT_IRQHandler            [WEAK
]
  189 00000016                 EXPORT           TIMER0_IRQHandler         [WEAK
]
  190 00000016                 EXPORT           TIMER1_IRQHandler         [WEAK
]
  191 00000016                 EXPORT           TIMER2_IRQHandler         [WEAK
]
  192 00000016                 EXPORT           TIMER3_IRQHandler         [WEAK
]
  193 00000016                 EXPORT           UART0_IRQHandler          [WEAK
]
  194 00000016                 EXPORT           UART1_IRQHandler          [WEAK
]
  195 00000016                 EXPORT           UART2_IRQHandler          [WEAK
]
  196 00000016                 EXPORT           UART3_IRQHandler          [WEAK
]
  197 00000016                 EXPORT           PWM1_IRQHandler           [WEAK
]
  198 00000016                 EXPORT           I2C0_IRQHandler           [WEAK
]
  199 00000016                 EXPORT           I2C1_IRQHandler           [WEAK
]
  200 00000016                 EXPORT           I2C2_IRQHandler           [WEAK
]
  201 00000016                 EXPORT           SPIFI_IRQHandler          [WEAK
]
  202 00000016                 EXPORT           SSP0_IRQHandler           [WEAK
]
  203 00000016                 EXPORT           SSP1_IRQHandler           [WEAK
]
  204 00000016                 EXPORT           PLL0_IRQHandler           [WEAK
]
  205 00000016                 EXPORT           RTC_IRQHandler            [WEAK
]
  206 00000016                 EXPORT           EINT0_IRQHandler          [WEAK
]



ARM Macro Assembler    Page 6 


  207 00000016                 EXPORT           EINT1_IRQHandler          [WEAK
]
  208 00000016                 EXPORT           EINT2_IRQHandler          [WEAK
]
  209 00000016                 EXPORT           EINT3_IRQHandler          [WEAK
]
  210 00000016                 EXPORT           ADC_IRQHandler            [WEAK
]
  211 00000016                 EXPORT           BOD_IRQHandler            [WEAK
]
  212 00000016                 EXPORT           USB_IRQHandler            [WEAK
]
  213 00000016                 EXPORT           CAN_IRQHandler            [WEAK
]
  214 00000016                 EXPORT           DMA_IRQHandler            [WEAK
]
  215 00000016                 EXPORT           I2S_IRQHandler            [WEAK
]
  216 00000016                 EXPORT           ENET_IRQHandler           [WEAK
]
  217 00000016                 EXPORT           MCI_IRQHandler            [WEAK
]
  218 00000016                 EXPORT           MCPWM_IRQHandler          [WEAK
]
  219 00000016                 EXPORT           QEI_IRQHandler            [WEAK
]
  220 00000016                 EXPORT           PLL1_IRQHandler           [WEAK
]
  221 00000016                 EXPORT           USBActivity_IRQHandler    [WEAK
]
  222 00000016                 EXPORT           CANActivity_IRQHandler    [WEAK
]
  223 00000016                 EXPORT           UART4_IRQHandler          [WEAK
]
  224 00000016                 EXPORT           SSP2_IRQHandler           [WEAK
]
  225 00000016                 EXPORT           LCD_IRQHandler            [WEAK
]
  226 00000016                 EXPORT           GPIO_IRQHandler           [WEAK
]
  227 00000016                 EXPORT           PWM0_IRQHandler           [WEAK
]
  228 00000016                 EXPORT           KFLASH_IRQHandler         [WEAK
]
  229 00000016         
  230 00000016         WDT_IRQHandler
  231 00000016         TIMER0_IRQHandler
  232 00000016         TIMER1_IRQHandler
  233 00000016         TIMER2_IRQHandler
  234 00000016         TIMER3_IRQHandler
  235 00000016         UART0_IRQHandler
  236 00000016         UART1_IRQHandler
  237 00000016         UART2_IRQHandler
  238 00000016         UART3_IRQHandler
  239 00000016         PWM1_IRQHandler
  240 00000016         I2C0_IRQHandler
  241 00000016         I2C1_IRQHandler
  242 00000016         I2C2_IRQHandler
  243 00000016         SPIFI_IRQHandler



ARM Macro Assembler    Page 7 


  244 00000016         SSP0_IRQHandler
  245 00000016         SSP1_IRQHandler
  246 00000016         PLL0_IRQHandler
  247 00000016         RTC_IRQHandler
  248 00000016         EINT0_IRQHandler
  249 00000016         EINT1_IRQHandler
  250 00000016         EINT2_IRQHandler
  251 00000016         EINT3_IRQHandler
  252 00000016         ADC_IRQHandler
  253 00000016         BOD_IRQHandler
  254 00000016         USB_IRQHandler
  255 00000016         CAN_IRQHandler
  256 00000016         DMA_IRQHandler
  257 00000016         I2S_IRQHandler
  258 00000016         ENET_IRQHandler
  259 00000016         MCI_IRQHandler
  260 00000016         MCPWM_IRQHandler
  261 00000016         QEI_IRQHandler
  262 00000016         PLL1_IRQHandler
  263 00000016         USBActivity_IRQHandler
  264 00000016         CANActivity_IRQHandler
  265 00000016         UART4_IRQHandler
  266 00000016         SSP2_IRQHandler
  267 00000016         LCD_IRQHandler
  268 00000016         GPIO_IRQHandler
  269 00000016         PWM0_IRQHandler
  270 00000016         KFLASH_IRQHandler
  271 00000016         
  272 00000016 E7FE            B                .
  273 00000018         
  274 00000018                 ENDP
  275 00000018         
  276 00000018         
  277 00000018                 ALIGN
  278 00000018         
  279 00000018         
  280 00000018         ; User Initial Stack & Heap
  281 00000018         
  282 00000018                 IF               :DEF:__MICROLIB
  289 00000018         
  290 00000018                 IMPORT           __use_two_region_memory
  291 00000018                 EXPORT           __user_initial_stackheap
  292 00000018         __user_initial_stackheap
  293 00000018         
  294 00000018 4803            LDR              R0, =  Heap_Mem
  295 0000001A 4904            LDR              R1, =(Stack_Mem + Stack_Size)
  296 0000001C 4A02            LDR              R2, = (Heap_Mem +  Heap_Size)
  297 0000001E 4B04            LDR              R3, = Stack_Mem
  298 00000020 4770            BX               LR
  299 00000022         
  300 00000022 00 00           ALIGN
  301 00000024         
  302 00000024                 ENDIF
  303 00000024         
  304 00000024         
  305 00000024                 END
              00000000 
              00000000 
              00000200 



ARM Macro Assembler    Page 8 


              00000000 
Command Line: --debug --xref --diag_suppress=9931 --cpu=Cortex-M3 --apcs=interw
ork --depend=.\objects\startup_lpc177x_8x.d -o.\objects\startup_lpc177x_8x.o -I
.\RTE\_Target_1 -Id:\Keil_v523\ARM\PACK\ARM\CMSIS\5.0.1\CMSIS\Include -Id:\Keil
_v523\ARM\PACK\Keil\LPC1700_DFP\2.3.0\Device\Include --predefine="__UVISION_VER
SION SETA 523" --predefine="_RTE_ SETA 1" --predefine="LPC177x_8x SETA 1" --lis
t=.\listings\startup_lpc177x_8x.lst ..\STARTCODE\startup_LPC177x_8x.s



ARM Macro Assembler    Page 1 Alphabetic symbol ordering
Relocatable symbols

STACK 00000000

Symbol: STACK
   Definitions
      At line 29 in file ..\STARTCODE\startup_LPC177x_8x.s
   Uses
      None
Comment: STACK unused
Stack_Mem 00000000

Symbol: Stack_Mem
   Definitions
      At line 30 in file ..\STARTCODE\startup_LPC177x_8x.s
   Uses
      At line 295 in file ..\STARTCODE\startup_LPC177x_8x.s
      At line 297 in file ..\STARTCODE\startup_LPC177x_8x.s

__initial_sp 00000200

Symbol: __initial_sp
   Definitions
      At line 31 in file ..\STARTCODE\startup_LPC177x_8x.s
   Uses
      At line 55 in file ..\STARTCODE\startup_LPC177x_8x.s
Comment: __initial_sp used once
3 symbols



ARM Macro Assembler    Page 1 Alphabetic symbol ordering
Relocatable symbols

HEAP 00000000

Symbol: HEAP
   Definitions
      At line 40 in file ..\STARTCODE\startup_LPC177x_8x.s
   Uses
      None
Comment: HEAP unused
Heap_Mem 00000000

Symbol: Heap_Mem
   Definitions
      At line 42 in file ..\STARTCODE\startup_LPC177x_8x.s
   Uses
      At line 294 in file ..\STARTCODE\startup_LPC177x_8x.s
      At line 296 in file ..\STARTCODE\startup_LPC177x_8x.s

__heap_base 00000000

Symbol: __heap_base
   Definitions
      At line 41 in file ..\STARTCODE\startup_LPC177x_8x.s
   Uses
      None
Comment: __heap_base unused
__heap_limit 00000000

Symbol: __heap_limit
   Definitions
      At line 43 in file ..\STARTCODE\startup_LPC177x_8x.s
   Uses
      None
Comment: __heap_limit unused
4 symbols



ARM Macro Assembler    Page 1 Alphabetic symbol ordering
Relocatable symbols

RESET 00000000

Symbol: RESET
   Definitions
      At line 52 in file ..\STARTCODE\startup_LPC177x_8x.s
   Uses
      None
Comment: RESET unused
__Vectors 00000000

Symbol: __Vectors
   Definitions
      At line 55 in file ..\STARTCODE\startup_LPC177x_8x.s
   Uses
      At line 53 in file ..\STARTCODE\startup_LPC177x_8x.s
Comment: __Vectors used once
2 symbols



ARM Macro Assembler    Page 1 Alphabetic symbol ordering
Relocatable symbols

.ARM.__at_0x62FC 00000000

Symbol: .ARM.__at_0x62FC
   Definitions
      At line 122 in file ..\STARTCODE\startup_LPC177x_8x.s
   Uses
      None
Comment: .ARM.__at_0x62FC unused
CRP_Key 00000000

Symbol: CRP_Key
   Definitions
      At line 123 in file ..\STARTCODE\startup_LPC177x_8x.s
   Uses
      None
Comment: CRP_Key unused
2 symbols



ARM Macro Assembler    Page 1 Alphabetic symbol ordering
Relocatable symbols

.text 00000000

Symbol: .text
   Definitions
      At line 126 in file ..\STARTCODE\startup_LPC177x_8x.s
   Uses
      None
Comment: .text unused
ADC_IRQHandler 00000016

Symbol: ADC_IRQHandler
   Definitions
      At line 252 in file ..\STARTCODE\startup_LPC177x_8x.s
   Uses
      At line 95 in file ..\STARTCODE\startup_LPC177x_8x.s
      At line 210 in file ..\STARTCODE\startup_LPC177x_8x.s

BOD_IRQHandler 00000016

Symbol: BOD_IRQHandler
   Definitions
      At line 253 in file ..\STARTCODE\startup_LPC177x_8x.s
   Uses
      At line 96 in file ..\STARTCODE\startup_LPC177x_8x.s
      At line 211 in file ..\STARTCODE\startup_LPC177x_8x.s

BusFault_Handler 0000000A

Symbol: BusFault_Handler
   Definitions
      At line 159 in file ..\STARTCODE\startup_LPC177x_8x.s
   Uses
      At line 60 in file ..\STARTCODE\startup_LPC177x_8x.s
      At line 160 in file ..\STARTCODE\startup_LPC177x_8x.s

CANActivity_IRQHandler 00000016

Symbol: CANActivity_IRQHandler
   Definitions
      At line 264 in file ..\STARTCODE\startup_LPC177x_8x.s
   Uses
      At line 107 in file ..\STARTCODE\startup_LPC177x_8x.s
      At line 222 in file ..\STARTCODE\startup_LPC177x_8x.s

CAN_IRQHandler 00000016

Symbol: CAN_IRQHandler
   Definitions
      At line 255 in file ..\STARTCODE\startup_LPC177x_8x.s
   Uses
      At line 98 in file ..\STARTCODE\startup_LPC177x_8x.s
      At line 213 in file ..\STARTCODE\startup_LPC177x_8x.s

DMA_IRQHandler 00000016

Symbol: DMA_IRQHandler
   Definitions
      At line 256 in file ..\STARTCODE\startup_LPC177x_8x.s
   Uses



ARM Macro Assembler    Page 2 Alphabetic symbol ordering
Relocatable symbols

      At line 99 in file ..\STARTCODE\startup_LPC177x_8x.s
      At line 214 in file ..\STARTCODE\startup_LPC177x_8x.s

DebugMon_Handler 00000010

Symbol: DebugMon_Handler
   Definitions
      At line 173 in file ..\STARTCODE\startup_LPC177x_8x.s
   Uses
      At line 67 in file ..\STARTCODE\startup_LPC177x_8x.s
      At line 174 in file ..\STARTCODE\startup_LPC177x_8x.s

Default_Handler 00000016

Symbol: Default_Handler
   Definitions
      At line 186 in file ..\STARTCODE\startup_LPC177x_8x.s
   Uses
      None
Comment: Default_Handler unused
EINT0_IRQHandler 00000016

Symbol: EINT0_IRQHandler
   Definitions
      At line 248 in file ..\STARTCODE\startup_LPC177x_8x.s
   Uses
      At line 91 in file ..\STARTCODE\startup_LPC177x_8x.s
      At line 206 in file ..\STARTCODE\startup_LPC177x_8x.s

EINT1_IRQHandler 00000016

Symbol: EINT1_IRQHandler
   Definitions
      At line 249 in file ..\STARTCODE\startup_LPC177x_8x.s
   Uses
      At line 92 in file ..\STARTCODE\startup_LPC177x_8x.s
      At line 207 in file ..\STARTCODE\startup_LPC177x_8x.s

EINT2_IRQHandler 00000016

Symbol: EINT2_IRQHandler
   Definitions
      At line 250 in file ..\STARTCODE\startup_LPC177x_8x.s
   Uses
      At line 93 in file ..\STARTCODE\startup_LPC177x_8x.s
      At line 208 in file ..\STARTCODE\startup_LPC177x_8x.s

EINT3_IRQHandler 00000016

Symbol: EINT3_IRQHandler
   Definitions
      At line 251 in file ..\STARTCODE\startup_LPC177x_8x.s
   Uses
      At line 94 in file ..\STARTCODE\startup_LPC177x_8x.s
      At line 209 in file ..\STARTCODE\startup_LPC177x_8x.s

ENET_IRQHandler 00000016

Symbol: ENET_IRQHandler



ARM Macro Assembler    Page 3 Alphabetic symbol ordering
Relocatable symbols

   Definitions
      At line 258 in file ..\STARTCODE\startup_LPC177x_8x.s
   Uses
      At line 101 in file ..\STARTCODE\startup_LPC177x_8x.s
      At line 216 in file ..\STARTCODE\startup_LPC177x_8x.s

GPIO_IRQHandler 00000016

Symbol: GPIO_IRQHandler
   Definitions
      At line 268 in file ..\STARTCODE\startup_LPC177x_8x.s
   Uses
      At line 111 in file ..\STARTCODE\startup_LPC177x_8x.s
      At line 226 in file ..\STARTCODE\startup_LPC177x_8x.s

HardFault_Handler 00000006

Symbol: HardFault_Handler
   Definitions
      At line 149 in file ..\STARTCODE\startup_LPC177x_8x.s
   Uses
      At line 58 in file ..\STARTCODE\startup_LPC177x_8x.s
      At line 150 in file ..\STARTCODE\startup_LPC177x_8x.s

I2C0_IRQHandler 00000016

Symbol: I2C0_IRQHandler
   Definitions
      At line 240 in file ..\STARTCODE\startup_LPC177x_8x.s
   Uses
      At line 83 in file ..\STARTCODE\startup_LPC177x_8x.s
      At line 198 in file ..\STARTCODE\startup_LPC177x_8x.s

I2C1_IRQHandler 00000016

Symbol: I2C1_IRQHandler
   Definitions
      At line 241 in file ..\STARTCODE\startup_LPC177x_8x.s
   Uses
      At line 84 in file ..\STARTCODE\startup_LPC177x_8x.s
      At line 199 in file ..\STARTCODE\startup_LPC177x_8x.s

I2C2_IRQHandler 00000016

Symbol: I2C2_IRQHandler
   Definitions
      At line 242 in file ..\STARTCODE\startup_LPC177x_8x.s
   Uses
      At line 85 in file ..\STARTCODE\startup_LPC177x_8x.s
      At line 200 in file ..\STARTCODE\startup_LPC177x_8x.s

I2S_IRQHandler 00000016

Symbol: I2S_IRQHandler
   Definitions
      At line 257 in file ..\STARTCODE\startup_LPC177x_8x.s
   Uses
      At line 100 in file ..\STARTCODE\startup_LPC177x_8x.s
      At line 215 in file ..\STARTCODE\startup_LPC177x_8x.s



ARM Macro Assembler    Page 4 Alphabetic symbol ordering
Relocatable symbols


KFLASH_IRQHandler 00000016

Symbol: KFLASH_IRQHandler
   Definitions
      At line 270 in file ..\STARTCODE\startup_LPC177x_8x.s
   Uses
      At line 113 in file ..\STARTCODE\startup_LPC177x_8x.s
      At line 228 in file ..\STARTCODE\startup_LPC177x_8x.s

LCD_IRQHandler 00000016

Symbol: LCD_IRQHandler
   Definitions
      At line 267 in file ..\STARTCODE\startup_LPC177x_8x.s
   Uses
      At line 110 in file ..\STARTCODE\startup_LPC177x_8x.s
      At line 225 in file ..\STARTCODE\startup_LPC177x_8x.s

MCI_IRQHandler 00000016

Symbol: MCI_IRQHandler
   Definitions
      At line 259 in file ..\STARTCODE\startup_LPC177x_8x.s
   Uses
      At line 102 in file ..\STARTCODE\startup_LPC177x_8x.s
      At line 217 in file ..\STARTCODE\startup_LPC177x_8x.s

MCPWM_IRQHandler 00000016

Symbol: MCPWM_IRQHandler
   Definitions
      At line 260 in file ..\STARTCODE\startup_LPC177x_8x.s
   Uses
      At line 103 in file ..\STARTCODE\startup_LPC177x_8x.s
      At line 218 in file ..\STARTCODE\startup_LPC177x_8x.s

MemManage_Handler 00000008

Symbol: MemManage_Handler
   Definitions
      At line 154 in file ..\STARTCODE\startup_LPC177x_8x.s
   Uses
      At line 59 in file ..\STARTCODE\startup_LPC177x_8x.s
      At line 155 in file ..\STARTCODE\startup_LPC177x_8x.s

NMI_Handler 00000004

Symbol: NMI_Handler
   Definitions
      At line 144 in file ..\STARTCODE\startup_LPC177x_8x.s
   Uses
      At line 57 in file ..\STARTCODE\startup_LPC177x_8x.s
      At line 145 in file ..\STARTCODE\startup_LPC177x_8x.s

PLL0_IRQHandler 00000016

Symbol: PLL0_IRQHandler
   Definitions



ARM Macro Assembler    Page 5 Alphabetic symbol ordering
Relocatable symbols

      At line 246 in file ..\STARTCODE\startup_LPC177x_8x.s
   Uses
      At line 89 in file ..\STARTCODE\startup_LPC177x_8x.s
      At line 204 in file ..\STARTCODE\startup_LPC177x_8x.s

PLL1_IRQHandler 00000016

Symbol: PLL1_IRQHandler
   Definitions
      At line 262 in file ..\STARTCODE\startup_LPC177x_8x.s
   Uses
      At line 105 in file ..\STARTCODE\startup_LPC177x_8x.s
      At line 220 in file ..\STARTCODE\startup_LPC177x_8x.s

PWM0_IRQHandler 00000016

Symbol: PWM0_IRQHandler
   Definitions
      At line 269 in file ..\STARTCODE\startup_LPC177x_8x.s
   Uses
      At line 112 in file ..\STARTCODE\startup_LPC177x_8x.s
      At line 227 in file ..\STARTCODE\startup_LPC177x_8x.s

PWM1_IRQHandler 00000016

Symbol: PWM1_IRQHandler
   Definitions
      At line 239 in file ..\STARTCODE\startup_LPC177x_8x.s
   Uses
      At line 82 in file ..\STARTCODE\startup_LPC177x_8x.s
      At line 197 in file ..\STARTCODE\startup_LPC177x_8x.s

PendSV_Handler 00000012

Symbol: PendSV_Handler
   Definitions
      At line 177 in file ..\STARTCODE\startup_LPC177x_8x.s
   Uses
      At line 69 in file ..\STARTCODE\startup_LPC177x_8x.s
      At line 178 in file ..\STARTCODE\startup_LPC177x_8x.s

QEI_IRQHandler 00000016

Symbol: QEI_IRQHandler
   Definitions
      At line 261 in file ..\STARTCODE\startup_LPC177x_8x.s
   Uses
      At line 104 in file ..\STARTCODE\startup_LPC177x_8x.s
      At line 219 in file ..\STARTCODE\startup_LPC177x_8x.s

RTC_IRQHandler 00000016

Symbol: RTC_IRQHandler
   Definitions
      At line 247 in file ..\STARTCODE\startup_LPC177x_8x.s
   Uses
      At line 90 in file ..\STARTCODE\startup_LPC177x_8x.s
      At line 205 in file ..\STARTCODE\startup_LPC177x_8x.s




ARM Macro Assembler    Page 6 Alphabetic symbol ordering
Relocatable symbols

Reset_Handler 00000000

Symbol: Reset_Handler
   Definitions
      At line 131 in file ..\STARTCODE\startup_LPC177x_8x.s
   Uses
      At line 56 in file ..\STARTCODE\startup_LPC177x_8x.s
      At line 132 in file ..\STARTCODE\startup_LPC177x_8x.s

SPIFI_IRQHandler 00000016

Symbol: SPIFI_IRQHandler
   Definitions
      At line 243 in file ..\STARTCODE\startup_LPC177x_8x.s
   Uses
      At line 86 in file ..\STARTCODE\startup_LPC177x_8x.s
      At line 201 in file ..\STARTCODE\startup_LPC177x_8x.s

SSP0_IRQHandler 00000016

Symbol: SSP0_IRQHandler
   Definitions
      At line 244 in file ..\STARTCODE\startup_LPC177x_8x.s
   Uses
      At line 87 in file ..\STARTCODE\startup_LPC177x_8x.s
      At line 202 in file ..\STARTCODE\startup_LPC177x_8x.s

SSP1_IRQHandler 00000016

Symbol: SSP1_IRQHandler
   Definitions
      At line 245 in file ..\STARTCODE\startup_LPC177x_8x.s
   Uses
      At line 88 in file ..\STARTCODE\startup_LPC177x_8x.s
      At line 203 in file ..\STARTCODE\startup_LPC177x_8x.s

SSP2_IRQHandler 00000016

Symbol: SSP2_IRQHandler
   Definitions
      At line 266 in file ..\STARTCODE\startup_LPC177x_8x.s
   Uses
      At line 109 in file ..\STARTCODE\startup_LPC177x_8x.s
      At line 224 in file ..\STARTCODE\startup_LPC177x_8x.s

SVC_Handler 0000000E

Symbol: SVC_Handler
   Definitions
      At line 168 in file ..\STARTCODE\startup_LPC177x_8x.s
   Uses
      At line 66 in file ..\STARTCODE\startup_LPC177x_8x.s
      At line 169 in file ..\STARTCODE\startup_LPC177x_8x.s

SysTick_Handler 00000014

Symbol: SysTick_Handler
   Definitions
      At line 181 in file ..\STARTCODE\startup_LPC177x_8x.s



ARM Macro Assembler    Page 7 Alphabetic symbol ordering
Relocatable symbols

   Uses
      At line 70 in file ..\STARTCODE\startup_LPC177x_8x.s
      At line 182 in file ..\STARTCODE\startup_LPC177x_8x.s

TIMER0_IRQHandler 00000016

Symbol: TIMER0_IRQHandler
   Definitions
      At line 231 in file ..\STARTCODE\startup_LPC177x_8x.s
   Uses
      At line 74 in file ..\STARTCODE\startup_LPC177x_8x.s
      At line 189 in file ..\STARTCODE\startup_LPC177x_8x.s

TIMER1_IRQHandler 00000016

Symbol: TIMER1_IRQHandler
   Definitions
      At line 232 in file ..\STARTCODE\startup_LPC177x_8x.s
   Uses
      At line 75 in file ..\STARTCODE\startup_LPC177x_8x.s
      At line 190 in file ..\STARTCODE\startup_LPC177x_8x.s

TIMER2_IRQHandler 00000016

Symbol: TIMER2_IRQHandler
   Definitions
      At line 233 in file ..\STARTCODE\startup_LPC177x_8x.s
   Uses
      At line 76 in file ..\STARTCODE\startup_LPC177x_8x.s
      At line 191 in file ..\STARTCODE\startup_LPC177x_8x.s

TIMER3_IRQHandler 00000016

Symbol: TIMER3_IRQHandler
   Definitions
      At line 234 in file ..\STARTCODE\startup_LPC177x_8x.s
   Uses
      At line 77 in file ..\STARTCODE\startup_LPC177x_8x.s
      At line 192 in file ..\STARTCODE\startup_LPC177x_8x.s

UART0_IRQHandler 00000016

Symbol: UART0_IRQHandler
   Definitions
      At line 235 in file ..\STARTCODE\startup_LPC177x_8x.s
   Uses
      At line 78 in file ..\STARTCODE\startup_LPC177x_8x.s
      At line 193 in file ..\STARTCODE\startup_LPC177x_8x.s

UART1_IRQHandler 00000016

Symbol: UART1_IRQHandler
   Definitions
      At line 236 in file ..\STARTCODE\startup_LPC177x_8x.s
   Uses
      At line 79 in file ..\STARTCODE\startup_LPC177x_8x.s
      At line 194 in file ..\STARTCODE\startup_LPC177x_8x.s

UART2_IRQHandler 00000016



ARM Macro Assembler    Page 8 Alphabetic symbol ordering
Relocatable symbols


Symbol: UART2_IRQHandler
   Definitions
      At line 237 in file ..\STARTCODE\startup_LPC177x_8x.s
   Uses
      At line 80 in file ..\STARTCODE\startup_LPC177x_8x.s
      At line 195 in file ..\STARTCODE\startup_LPC177x_8x.s

UART3_IRQHandler 00000016

Symbol: UART3_IRQHandler
   Definitions
      At line 238 in file ..\STARTCODE\startup_LPC177x_8x.s
   Uses
      At line 81 in file ..\STARTCODE\startup_LPC177x_8x.s
      At line 196 in file ..\STARTCODE\startup_LPC177x_8x.s

UART4_IRQHandler 00000016

Symbol: UART4_IRQHandler
   Definitions
      At line 265 in file ..\STARTCODE\startup_LPC177x_8x.s
   Uses
      At line 108 in file ..\STARTCODE\startup_LPC177x_8x.s
      At line 223 in file ..\STARTCODE\startup_LPC177x_8x.s

USBActivity_IRQHandler 00000016

Symbol: USBActivity_IRQHandler
   Definitions
      At line 263 in file ..\STARTCODE\startup_LPC177x_8x.s
   Uses
      At line 106 in file ..\STARTCODE\startup_LPC177x_8x.s
      At line 221 in file ..\STARTCODE\startup_LPC177x_8x.s

USB_IRQHandler 00000016

Symbol: USB_IRQHandler
   Definitions
      At line 254 in file ..\STARTCODE\startup_LPC177x_8x.s
   Uses
      At line 97 in file ..\STARTCODE\startup_LPC177x_8x.s
      At line 212 in file ..\STARTCODE\startup_LPC177x_8x.s

UsageFault_Handler 0000000C

Symbol: UsageFault_Handler
   Definitions
      At line 164 in file ..\STARTCODE\startup_LPC177x_8x.s
   Uses
      At line 61 in file ..\STARTCODE\startup_LPC177x_8x.s
      At line 165 in file ..\STARTCODE\startup_LPC177x_8x.s

WDT_IRQHandler 00000016

Symbol: WDT_IRQHandler
   Definitions
      At line 230 in file ..\STARTCODE\startup_LPC177x_8x.s
   Uses



ARM Macro Assembler    Page 9 Alphabetic symbol ordering
Relocatable symbols

      At line 73 in file ..\STARTCODE\startup_LPC177x_8x.s
      At line 188 in file ..\STARTCODE\startup_LPC177x_8x.s

__user_initial_stackheap 00000018

Symbol: __user_initial_stackheap
   Definitions
      At line 292 in file ..\STARTCODE\startup_LPC177x_8x.s
   Uses
      At line 291 in file ..\STARTCODE\startup_LPC177x_8x.s
Comment: __user_initial_stackheap used once
54 symbols



ARM Macro Assembler    Page 1 Alphabetic symbol ordering
Absolute symbols

Heap_Size 00000000

Symbol: Heap_Size
   Definitions
      At line 38 in file ..\STARTCODE\startup_LPC177x_8x.s
   Uses
      At line 42 in file ..\STARTCODE\startup_LPC177x_8x.s
      At line 296 in file ..\STARTCODE\startup_LPC177x_8x.s

Stack_Size 00000200

Symbol: Stack_Size
   Definitions
      At line 27 in file ..\STARTCODE\startup_LPC177x_8x.s
   Uses
      At line 30 in file ..\STARTCODE\startup_LPC177x_8x.s
      At line 295 in file ..\STARTCODE\startup_LPC177x_8x.s

2 symbols



ARM Macro Assembler    Page 1 Alphabetic symbol ordering
External symbols

SystemInit 00000000

Symbol: SystemInit
   Definitions
      At line 133 in file ..\STARTCODE\startup_LPC177x_8x.s
   Uses
      None
Comment: SystemInit unused
__main 00000000

Symbol: __main
   Definitions
      At line 134 in file ..\STARTCODE\startup_LPC177x_8x.s
   Uses
      At line 137 in file ..\STARTCODE\startup_LPC177x_8x.s
Comment: __main used once
__use_two_region_memory 00000000

Symbol: __use_two_region_memory
   Definitions
      At line 290 in file ..\STARTCODE\startup_LPC177x_8x.s
   Uses
      None
Comment: __use_two_region_memory unused
3 symbols
409 symbols in table
